<?xml version="1.0" encoding="UTF-8"?>
<testsuites name="jest tests" tests="8" failures="0" errors="0" time="12.507">
  <testsuite name="IssuesForm" errors="0" failures="0" skipped="0" timestamp="2022-02-17T20:18:55" time="8.926" tests="3">
    <testcase classname="IssuesForm IssuesForm when rendered" name="IssuesForm IssuesForm when rendered" time="0.135">
    </testcase>
    <testcase classname="IssuesForm IssuesForm when click save and required field is empty, then save is not called" name="IssuesForm IssuesForm when click save and required field is empty, then save is not called" time="0.272">
    </testcase>
    <testcase classname="IssuesForm IssuesForm when click save, calls handle save" name="IssuesForm IssuesForm when click save, calls handle save" time="0.116">
    </testcase>
  </testsuite>
  <testsuite name="IssuesTable" errors="0" failures="0" skipped="0" timestamp="2022-02-17T20:18:55" time="9.049" tests="2">
    <testcase classname="IssuesTable IssuesPage when rendered" name="IssuesTable IssuesPage when rendered" time="0.198">
    </testcase>
    <testcase classname="IssuesTable IssuesPage when click Add, display form" name="IssuesTable IssuesPage when click Add, display form" time="0.47">
    </testcase>
  </testsuite>
  <testsuite name="IssuesTable" errors="0" failures="0" skipped="0" timestamp="2022-02-17T20:18:55" time="9.62" tests="3">
    <testcase classname="IssuesTable IssueTable when rendered" name="IssuesTable IssueTable when rendered" time="0.915">
    </testcase>
    <testcase classname="IssuesTable IssueTable when rendered then empty" name="IssuesTable IssueTable when rendered then empty" time="0.007">
    </testcase>
    <testcase classname="IssuesTable IssueTable when click, then call setSelected" name="IssuesTable IssueTable when click, then call setSelected" time="0.328">
    </testcase>
  </testsuite>
</testsuites>